<?xml version="1.0" encoding="UTF-8"?>
<testsuite name="com.bridgelabz.addressbook.AddressBookTestCase" tests="1" skipped="0" failures="0" errors="0" timestamp="2020-11-23T09:20:14" hostname="DESKTOP-RFK6RG2" time="10.568">
  <properties/>
  <testcase name="givenAddressBookDB_whenPassWrongTableNameAtRetrieve_ShouldThrowException" classname="com.bridgelabz.addressbook.AddressBookTestCase" time="10.568"/>
  <system-out><![CDATA[JDBC_TABLE_NAME_WRONG
]]></system-out>
  <system-err><![CDATA[]]></system-err>
</testsuite>
